2025-03-31 20:33:37 - INFO - Loading features from audio_features.csv...
2025-03-31 20:36:31 - INFO - Loading features from audio_features.csv...
2025-03-31 20:36:31 - INFO - Non-numeric columns found: ['augmentation']. Dropping them.
2025-03-31 20:36:31 - INFO - 
=== Evaluating Voting Classifier ===
2025-03-31 20:36:31 - WARNING - Compiled the loaded model, but the compiled metrics have yet to be built. `model.compile_metrics` will be empty until you train or evaluate the model.
2025-03-31 20:38:42 - INFO - Loading features from audio_features.csv...
2025-03-31 20:38:42 - INFO - Non-numeric columns found: ['augmentation']. Dropping them.
2025-03-31 20:38:42 - INFO - 
=== Evaluating Voting Classifier ===
2025-03-31 20:38:43 - WARNING - Compiled the loaded model, but the compiled metrics have yet to be built. `model.compile_metrics` will be empty until you train or evaluate the model.
2025-03-31 20:38:43 - INFO - Fitting the Voting Classifier...
2025-03-31 20:40:18 - INFO - Loading features from audio_features.csv...
2025-03-31 20:40:18 - INFO - Non-numeric columns found: ['augmentation']. Dropping them.
2025-03-31 20:40:18 - INFO - 
=== Evaluating Voting Classifier ===
2025-03-31 20:40:19 - WARNING - Compiled the loaded model, but the compiled metrics have yet to be built. `model.compile_metrics` will be empty until you train or evaluate the model.
2025-03-31 20:40:19 - INFO - Fitting the Voting Classifier...
2025-03-31 20:42:01 - INFO - Loading features from audio_features.csv...
2025-03-31 20:42:01 - INFO - Non-numeric columns found: ['augmentation']. Dropping them.
2025-03-31 20:42:01 - INFO - 
=== Evaluating Voting Classifier ===
2025-03-31 20:42:02 - WARNING - Compiled the loaded model, but the compiled metrics have yet to be built. `model.compile_metrics` will be empty until you train or evaluate the model.
2025-03-31 20:42:02 - INFO - Fitting the Voting Classifier...
2025-03-31 20:45:09 - INFO - Loading features from audio_features.csv...
2025-03-31 20:45:09 - INFO - Non-numeric columns found: ['augmentation']. Dropping them.
2025-03-31 20:45:09 - INFO - 
=== Evaluating Voting Classifier ===
2025-03-31 20:45:10 - WARNING - Compiled the loaded model, but the compiled metrics have yet to be built. `model.compile_metrics` will be empty until you train or evaluate the model.
2025-03-31 20:45:10 - INFO - Fitting the Voting Classifier...
2025-03-31 20:47:39 - INFO - Loading features from augmented_features.csv...
2025-03-31 20:47:39 - INFO - Non-numeric columns found: ['augmentation']. Dropping them.
2025-03-31 20:47:39 - INFO - 
=== Evaluating Voting Classifier ===
2025-03-31 20:47:39 - WARNING - Compiled the loaded model, but the compiled metrics have yet to be built. `model.compile_metrics` will be empty until you train or evaluate the model.
2025-03-31 20:47:39 - INFO - Fitting the Voting Classifier...
2025-03-31 20:53:32 - INFO - Loading features from augmented_features.csv...
2025-03-31 20:53:32 - INFO - Non-numeric columns found: ['augmentation']. Dropping them.
2025-03-31 20:53:32 - INFO - 
=== Evaluating Voting Classifier ===
2025-03-31 21:08:51 - INFO - Loading features from augmented_features.csv...
2025-03-31 21:08:52 - INFO - Non-numeric columns found: ['augmentation']. Dropping them.
2025-03-31 21:08:52 - INFO - 
=== Evaluating Voting Classifier ===
2025-03-31 21:12:39 - INFO - Loading features from augmented_features.csv...
2025-03-31 21:12:39 - INFO - Non-numeric columns found: ['augmentation']. Dropping them.
2025-03-31 21:12:39 - INFO - 
=== Evaluating Voting Classifier ===
